<?xml version="1.0" encoding="UTF-8"?>
<!-- Generated by org.testng.reporters.JUnitXMLReporter -->
<testsuite hostname="258-PC" ignored="0" name="Rahul Page Tests" tests="1" failures="1" timestamp="2021-11-25T09:38:10 EET" time="12.45" errors="0">
  <testcase name="SeleniumDoubleTest" time="9.52" classname="academy.ConsoleLogsTest">
    <failure type="java.lang.AssertionError" message="null">
      <![CDATA[java.lang.AssertionError: null
at academy.ConsoleLogsTest.SeleniumDoubleTest(ConsoleLogsTest.java:47)
at java.util.ArrayList.forEach(ArrayList.java:1257)
at java.util.concurrent.FutureTask.run(FutureTask.java:266)
at java.util.concurrent.ThreadPoolExecutor.runWorker(ThreadPoolExecutor.java:1149)
at java.util.concurrent.ThreadPoolExecutor$Worker.run(ThreadPoolExecutor.java:624)
at java.lang.Thread.run(Thread.java:748)
... Removed 20 stack frames]]>
    </failure>
  </testcase> <!-- SeleniumDoubleTest -->
</testsuite> <!-- Rahul Page Tests -->
