<?xml version="1.0" encoding="UTF-8"?>
<testsuite xmlns:xsi="http://www.w3.org/2001/XMLSchema-instance" xsi:noNamespaceSchemaLocation="https://maven.apache.org/surefire/maven-surefire-plugin/xsd/surefire-test-report-3.0.xsd" version="3.0" name="TestSuite" time="14.9" tests="5" errors="0" skipped="0" failures="2">
  <properties>
[...]
</properties>
  <testcase name="HomePageLogin[user1@mail.com, password1](1)" classname="academy.HomePageTest" time="6.979">
    <system-err><![CDATA[SLF4J: Failed to load class "org.slf4j.impl.StaticLoggerBinder".
SLF4J: Defaulting to no-operation (NOP) logger implementation
SLF4J: See http://www.slf4j.org/codes.html#StaticLoggerBinder for further details.
SSttaarrttiinngg  CChrhormoemDerDirvierve r 9966..00..4466646.44.54 5( 7(67e64ec4c1b1bb2abb24a6b714b68b7eb1ab384b4e4bea61c304f4147e58641bc20ffc1-7r5e8f4sb/2bfrca-nrceh-fhse/abdrsa/n4c66h4@-{h#9e4a7d}s) /o4n6 p6o4r@t{ #5944075}8)
 Oonnl yp olrotc a6l4 conn8e3c6tio
nOsn layr el oaclallo wcedo.n
nPelecastei osnese  ahtrtep sa:l/l/ocwherdo.me
dPrlievaesre. cshereomi umh.totrpgs/:se/c/ucrhirtoym-ecdroinvseird.ecrhartomiiounms f.oor rsgu/gsgeecsutriitoy-ncso nosni dkeereaptiionnsg  fCohrr osmugegeDstriiveonrs  osna fkee.ep
ing ChromeDriver safe.
CChhrormoemDerDirvievre rw wasa ss tsatratretde ds uscuccecsessfsuflullyl.y
.
Nov 23, 2021 4:40:59 PM org.openqa.selenium.remote.ProtocolHandshake createSession
INFO: Detected dialect: W3C
Nov 23, 2021 4:40:59 PM org.openqa.selenium.remote.ProtocolHandshake createSession
INFO: Detected dialect: W3C
Nov 23, 2021 4:40:59 PM org.openqa.selenium.devtools.CdpVersionFinder findNearestMatch
WARNING: Unable to find an exact match for CDP version 96, so returning the closest version found: 95
Nov 23, 2021 4:40:59 PM org.openqa.selenium.devtools.CdpVersionFinder findNearestMatch
INFO: Found CDP implementation for version 96 of 95
Nov 23, 2021 4:41:00 PM org.openqa.selenium.devtools.CdpVersionFinder findNearestMatch
WARNING: Unable to find an exact match for CDP version 96, so returning the closest version found: 95
Nov 23, 2021 4:41:00 PM org.openqa.selenium.devtools.CdpVersionFinder findNearestMatch
INFO: Found CDP implementation for version 96 of 95
]]></system-err>
  </testcase>
  <testcase name="HomePageLogin[user2@mail.com, password2](2)" classname="academy.HomePageTest" time="1.972">
    <system-out><![CDATA[Java script error: https://placehold.it/1920x1920.gif - Failed to load resource: net::ERR_CERT_DATE_INVALID
Java script error: http://www.qaclickacademy.com/images/favicon.png - Failed to load resource: the server responded with a status of 404 (Not Found)
Java script error: https://rahulshettyacademy.com/angularAppdemo/main.954e66096a8c863a96f6.js 0:34269 "ERROR" "Parameter is not a number!"
]]></system-out>
  </testcase>
  <testcase name="checkNavigationBar" classname="academy.HomePageTest" time="0.872"/>
  <testcase name="checkTitle" classname="academy.HomePageTest" time="0.782">
    <failure message="Title is not correct expected [true] but found [false]" type="java.lang.AssertionError"><![CDATA[java.lang.AssertionError: Title is not correct expected [true] but found [false]
	at academy.HomePageTest.checkTitle(HomePageTest.java:76)
]]></failure>
  </testcase>
  <testcase name="SeleniumDoubleTest" classname="academy.ConsoleLogsTest" time="0.782">
    <failure message="null" type="java.lang.AssertionError"><![CDATA[java.lang.AssertionError: null
	at academy.ConsoleLogsTest.SeleniumDoubleTest(ConsoleLogsTest.java:47)
]]></failure>
  </testcase>
</testsuite>